<?xml version="1.0" encoding="UTF-8" ?>
<testsuite failures="0" time="4.64" errors="0" skipped="0" tests="1" name="org.hello.HelloConnectorTest">
  <properties>
    <property name="java.runtime.name" value="Java(TM) SE Runtime Environment"/>
    <property name="sun.boot.library.path" value="/System/Library/Java/JavaVirtualMachines/1.6.0.jdk/Contents/Libraries"/>
    <property name="java.vm.version" value="20.65-b04-462"/>
    <property name="awt.nativeDoubleBuffering" value="true"/>
    <property name="gopherProxySet" value="false"/>
    <property name="mrj.build" value="11M4609"/>
    <property name="java.vm.vendor" value="Apple Inc."/>
    <property name="java.vendor.url" value="http://www.apple.com/"/>
    <property name="path.separator" value=":"/>
    <property name="java.vm.name" value="Java HotSpot(TM) 64-Bit Server VM"/>
    <property name="file.encoding.pkg" value="sun.io"/>
    <property name="user.country" value="US"/>
    <property name="sun.java.launcher" value="SUN_STANDARD"/>
    <property name="sun.os.patch.level" value="unknown"/>
    <property name="java.vm.specification.name" value="Java Virtual Machine Specification"/>
    <property name="user.dir" value="/Users/alexfernandezwhiteskylabs/Documents/scratchproject/java/hello-connector"/>
    <property name="java.runtime.version" value="1.6.0_65-b14-462-11M4609"/>
    <property name="java.awt.graphicsenv" value="apple.awt.CGraphicsEnvironment"/>
    <property name="basedir" value="/Users/alexfernandezwhiteskylabs/Documents/scratchproject/java/hello-connector"/>
    <property name="java.endorsed.dirs" value="/System/Library/Java/JavaVirtualMachines/1.6.0.jdk/Contents/Home/lib/endorsed"/>
    <property name="os.arch" value="x86_64"/>
    <property name="surefire.real.class.path" value="/var/folders/gv/qxh_nc7d1_l12tcwy4mfvrnc0000gn/T/surefirebooter8049460475982133113.jar"/>
    <property name="java.io.tmpdir" value="/var/folders/gv/qxh_nc7d1_l12tcwy4mfvrnc0000gn/T/"/>
    <property name="line.separator" value="
"/>
    <property name="java.vm.specification.vendor" value="Sun Microsystems Inc."/>
    <property name="os.name" value="Mac OS X"/>
    <property name="sun.jnu.encoding" value="MacRoman"/>
    <property name="java.library.path" value=".:/Library/Java/Extensions:/System/Library/Java/Extensions:/usr/lib/java"/>
    <property name="surefire.test.class.path" value="/Users/alexfernandezwhiteskylabs/Documents/scratchproject/java/hello-connector/target/test-classes:/Users/alexfernandezwhiteskylabs/Documents/scratchproject/java/hello-connector/target/classes:/Users/alexfernandezwhiteskylabs/.m2/repository/com/sun/jersey/jersey-client/1.6/jersey-client-1.6.jar:/Users/alexfernandezwhiteskylabs/.m2/repository/com/sun/jersey/jersey-core/1.6/jersey-core-1.6.jar:/Users/alexfernandezwhiteskylabs/.m2/repository/com/sun/jersey/jersey-json/1.6/jersey-json-1.6.jar:/Users/alexfernandezwhiteskylabs/.m2/repository/org/codehaus/jettison/jettison/1.1/jettison-1.1.jar:/Users/alexfernandezwhiteskylabs/.m2/repository/stax/stax-api/1.0.1/stax-api-1.0.1.jar:/Users/alexfernandezwhiteskylabs/.m2/repository/com/sun/xml/bind/jaxb-impl/2.2.3-1/jaxb-impl-2.2.3-1.jar:/Users/alexfernandezwhiteskylabs/.m2/repository/javax/xml/bind/jaxb-api/2.2.2/jaxb-api-2.2.2.jar:/Users/alexfernandezwhiteskylabs/.m2/repository/javax/xml/stream/stax-api/1.0-2/stax-api-1.0-2.jar:/Users/alexfernandezwhiteskylabs/.m2/repository/org/codehaus/jackson/jackson-core-asl/1.7.1/jackson-core-asl-1.7.1.jar:/Users/alexfernandezwhiteskylabs/.m2/repository/org/codehaus/jackson/jackson-mapper-asl/1.7.1/jackson-mapper-asl-1.7.1.jar:/Users/alexfernandezwhiteskylabs/.m2/repository/org/codehaus/jackson/jackson-jaxrs/1.7.1/jackson-jaxrs-1.7.1.jar:/Users/alexfernandezwhiteskylabs/.m2/repository/org/codehaus/jackson/jackson-xc/1.7.1/jackson-xc-1.7.1.jar:/Users/alexfernandezwhiteskylabs/.m2/repository/com/sun/jersey/contribs/jersey-multipart/1.6/jersey-multipart-1.6.jar:/Users/alexfernandezwhiteskylabs/.m2/repository/org/jvnet/mimepull/1.4/mimepull-1.4.jar:/Users/alexfernandezwhiteskylabs/.m2/repository/com/sun/jersey/contribs/jersey-oauth/oauth-client/1.6/oauth-client-1.6.jar:/Users/alexfernandezwhiteskylabs/.m2/repository/com/sun/jersey/contribs/jersey-oauth/oauth-signature/1.6/oauth-signature-1.6.jar:/Users/alexfernandezwhiteskylabs/.m2/repository/org/mule/mule-core/3.4.0/mule-core-3.4.0.jar:/Users/alexfernandezwhiteskylabs/.m2/repository/commons-beanutils/commons-beanutils/1.8.0/commons-beanutils-1.8.0.jar:/Users/alexfernandezwhiteskylabs/.m2/repository/org/safehaus/jug/jug/2.0.0/jug-2.0.0-asl.jar:/Users/alexfernandezwhiteskylabs/.m2/repository/commons-cli/commons-cli/1.2/commons-cli-1.2.jar:/Users/alexfernandezwhiteskylabs/.m2/repository/commons-collections/commons-collections/3.2.1/commons-collections-3.2.1.jar:/Users/alexfernandezwhiteskylabs/.m2/repository/commons-io/commons-io/1.4/commons-io-1.4.jar:/Users/alexfernandezwhiteskylabs/.m2/repository/commons-lang/commons-lang/2.4/commons-lang-2.4.jar:/Users/alexfernandezwhiteskylabs/.m2/repository/commons-pool/commons-pool/1.5.3/commons-pool-1.5.3.jar:/Users/alexfernandezwhiteskylabs/.m2/repository/javax/activation/activation/1.1-osgi/activation-1.1-osgi.jar:/Users/alexfernandezwhiteskylabs/.m2/repository/org/apache/geronimo/specs/geronimo-jta_1.1_spec/1.1.1/geronimo-jta_1.1_spec-1.1.1.jar:/Users/alexfernandezwhiteskylabs/.m2/repository/org/apache/geronimo/specs/geronimo-j2ee-connector_1.5_spec/1.1-osgi/geronimo-j2ee-connector_1.5_spec-1.1-osgi.jar:/Users/alexfernandezwhiteskylabs/.m2/repository/javax/annotation/jsr250-api/1.0/jsr250-api-1.0.jar:/Users/alexfernandezwhiteskylabs/.m2/repository/org/slf4j/jcl-over-slf4j/1.6.1/jcl-over-slf4j-1.6.1.jar:/Users/alexfernandezwhiteskylabs/.m2/repository/org/slf4j/slf4j-api/1.6.1/slf4j-api-1.6.1.jar:/Users/alexfernandezwhiteskylabs/.m2/repository/org/slf4j/slf4j-log4j12/1.6.1/slf4j-log4j12-1.6.1.jar:/Users/alexfernandezwhiteskylabs/.m2/repository/log4j/log4j/1.2.16/log4j-1.2.16.jar:/Users/alexfernandezwhiteskylabs/.m2/repository/asm/asm/3.1/asm-3.1.jar:/Users/alexfernandezwhiteskylabs/.m2/repository/asm/asm-commons/3.1/asm-commons-3.1.jar:/Users/alexfernandezwhiteskylabs/.m2/repository/asm/asm-tree/3.1/asm-tree-3.1.jar:/Users/alexfernandezwhiteskylabs/.m2/repository/org/mvel/mvel2/2.1.3.Final/mvel2-2.1.3.Final.jar:/Users/alexfernandezwhiteskylabs/.m2/repository/org/jgrapht/jgrapht-jdk1.5/0.7.3/jgrapht-jdk1.5-0.7.3.jar:/Users/alexfernandezwhiteskylabs/.m2/repository/org/mule/tools/devkit/mule-devkit-annotations/3.4.3/mule-devkit-annotations-3.4.3.jar:/Users/alexfernandezwhiteskylabs/.m2/repository/javax/inject/javax.inject/1/javax.inject-1.jar:/Users/alexfernandezwhiteskylabs/.m2/repository/org/mule/modules/mule-module-annotations/3.4.0/mule-module-annotations-3.4.0.jar:/Users/alexfernandezwhiteskylabs/.m2/repository/cglib/cglib-nodep/2.2/cglib-nodep-2.2.jar:/Users/alexfernandezwhiteskylabs/.m2/repository/org/mule/modules/mule-module-spring-config/3.4.0/mule-module-spring-config-3.4.0.jar:/Users/alexfernandezwhiteskylabs/.m2/repository/org/springframework/spring-context/3.2.1.RELEASE/spring-context-3.2.1.RELEASE.jar:/Users/alexfernandezwhiteskylabs/.m2/repository/org/springframework/spring-aop/3.2.1.RELEASE/spring-aop-3.2.1.RELEASE.jar:/Users/alexfernandezwhiteskylabs/.m2/repository/org/springframework/spring-expression/3.2.1.RELEASE/spring-expression-3.2.1.RELEASE.jar:/Users/alexfernandezwhiteskylabs/.m2/repository/dom4j/dom4j/1.6.1-osgi/dom4j-1.6.1-osgi.jar:/Users/alexfernandezwhiteskylabs/.m2/repository/jaxen/jaxen/1.1.1/jaxen-1.1.1.jar:/Users/alexfernandezwhiteskylabs/.m2/repository/jdom/jdom/1.0/jdom-1.0.jar:/Users/alexfernandezwhiteskylabs/.m2/repository/org/mule/modules/mule-module-devkit-support/3.4.0/mule-module-devkit-support-3.4.0.jar:/Users/alexfernandezwhiteskylabs/.m2/repository/junit/junit-dep/4.9/junit-dep-4.9.jar:/Users/alexfernandezwhiteskylabs/.m2/repository/org/hamcrest/hamcrest-core/1.1/hamcrest-core-1.1.jar:/Users/alexfernandezwhiteskylabs/.m2/repository/org/mule/tests/mule-tests-functional/3.4.0/mule-tests-functional-3.4.0.jar:/Users/alexfernandezwhiteskylabs/.m2/repository/org/springframework/spring-beans/3.2.1.RELEASE/spring-beans-3.2.1.RELEASE.jar:/Users/alexfernandezwhiteskylabs/.m2/repository/commons-net/commons-net/2.0/commons-net-2.0.jar:/Users/alexfernandezwhiteskylabs/.m2/repository/org/apache/ftpserver/ftpserver-core/1.0.2/ftpserver-core-1.0.2.jar:/Users/alexfernandezwhiteskylabs/.m2/repository/org/apache/mina/mina-core/2.0.0-M6/mina-core-2.0.0-M6.jar:/Users/alexfernandezwhiteskylabs/.m2/repository/org/apache/ftpserver/ftplet-api/1.0.2/ftplet-api-1.0.2.jar:/Users/alexfernandezwhiteskylabs/.m2/repository/org/apache/sshd/sshd-core/0.6.0/sshd-core-0.6.0.jar:/Users/alexfernandezwhiteskylabs/.m2/repository/bouncycastle/bcprov-jdk14/139/bcprov-jdk14-139.jar:/Users/alexfernandezwhiteskylabs/.m2/repository/org/mule/mule-core/3.4.0/mule-core-3.4.0-tests.jar:/Users/alexfernandezwhiteskylabs/.m2/repository/org/mockito/mockito-all/1.8.2/mockito-all-1.8.2.jar:/Users/alexfernandezwhiteskylabs/.m2/repository/org/mule/modules/mule-connector-test/2.0.3/mule-connector-test-2.0.3.jar:/Users/alexfernandezwhiteskylabs/.m2/repository/javax/validation/validation-api/1.0.0.GA/validation-api-1.0.0.GA.jar:/Users/alexfernandezwhiteskylabs/.m2/repository/org/eclipse/eclipse-workbench/3.6.1.M20100826-1330/eclipse-workbench-3.6.1.M20100826-1330.jar:/Users/alexfernandezwhiteskylabs/.m2/repository/org/eclipse/eclipse-runtime/3.6.0.v20100505/eclipse-runtime-3.6.0.v20100505.jar:/Users/alexfernandezwhiteskylabs/.m2/repository/org/osgi/core/4.3.0/core-4.3.0.jar:/Users/alexfernandezwhiteskylabs/.m2/repository/org/mule/common/mule-common/0.11.0/mule-common-0.11.0.jar:/Users/alexfernandezwhiteskylabs/.m2/repository/org/mule/modules/mule-module-cxf/3.4.0/mule-module-cxf-3.4.0.jar:/Users/alexfernandezwhiteskylabs/.m2/repository/org/apache/cxf/cxf-rt-core/2.5.1/cxf-rt-core-2.5.1.jar:/Users/alexfernandezwhiteskylabs/.m2/repository/org/apache/cxf/cxf-api/2.5.1/cxf-api-2.5.1.jar:/Users/alexfernandezwhiteskylabs/.m2/repository/org/apache/neethi/neethi/3.0.1/neethi-3.0.1.jar:/Users/alexfernandezwhiteskylabs/.m2/repository/wsdl4j/wsdl4j/1.6.2/wsdl4j-1.6.2.jar:/Users/alexfernandezwhiteskylabs/.m2/repository/org/apache/ws/xmlschema/xmlschema-core/2.0.1/xmlschema-core-2.0.1.jar:/Users/alexfernandezwhiteskylabs/.m2/repository/org/apache/cxf/cxf-rt-frontend-simple/2.5.1/cxf-rt-frontend-simple-2.5.1.jar:/Users/alexfernandezwhiteskylabs/.m2/repository/org/apache/cxf/cxf-rt-bindings-soap/2.5.1/cxf-rt-bindings-soap-2.5.1.jar:/Users/alexfernandezwhiteskylabs/.m2/repository/org/apache/cxf/cxf-rt-frontend-jaxws/2.5.1/cxf-rt-frontend-jaxws-2.5.1.jar:/Users/alexfernandezwhiteskylabs/.m2/repository/xml-resolver/xml-resolver/1.2/xml-resolver-1.2.jar:/Users/alexfernandezwhiteskylabs/.m2/repository/org/apache/cxf/cxf-rt-bindings-xml/2.5.1/cxf-rt-bindings-xml-2.5.1.jar:/Users/alexfernandezwhiteskylabs/.m2/repository/org/apache/cxf/cxf-rt-databinding-aegis/2.5.1/cxf-rt-databinding-aegis-2.5.1.jar:/Users/alexfernandezwhiteskylabs/.m2/repository/org/apache/cxf/cxf-rt-databinding-jaxb/2.5.1/cxf-rt-databinding-jaxb-2.5.1.jar:/Users/alexfernandezwhiteskylabs/.m2/repository/com/sun/xml/bind/jaxb-xjc/2.1.13/jaxb-xjc-2.1.13.jar:/Users/alexfernandezwhiteskylabs/.m2/repository/org/apache/cxf/cxf-rt-databinding-jibx/2.5.1/cxf-rt-databinding-jibx-2.5.1.jar:/Users/alexfernandezwhiteskylabs/.m2/repository/org/apache/cxf/cxf-tools-common/2.5.1/cxf-tools-common-2.5.1.jar:/Users/alexfernandezwhiteskylabs/.m2/repository/org/jibx/jibx-run/1.2.3/jibx-run-1.2.3.jar:/Users/alexfernandezwhiteskylabs/.m2/repository/xpp3/xpp3/1.1.3.4.O/xpp3-1.1.3.4.O.jar:/Users/alexfernandezwhiteskylabs/.m2/repository/org/jibx/jibx-schema/1.2.3/jibx-schema-1.2.3.jar:/Users/alexfernandezwhiteskylabs/.m2/repository/org/jibx/jibx-extras/1.2.3/jibx-extras-1.2.3.jar:/Users/alexfernandezwhiteskylabs/.m2/repository/org/jdom/jdom/1.1/jdom-1.1.jar:/Users/alexfernandezwhiteskylabs/.m2/repository/org/apache/cxf/cxf-rt-transports-local/2.5.1/cxf-rt-transports-local-2.5.1.jar:/Users/alexfernandezwhiteskylabs/.m2/repository/org/apache/cxf/cxf-rt-ws-security/2.5.1/cxf-rt-ws-security-2.5.1.jar:/Users/alexfernandezwhiteskylabs/.m2/repository/org/apache/cxf/cxf-common-utilities/2.5.1/cxf-common-utilities-2.5.1.jar:/Users/alexfernandezwhiteskylabs/.m2/repository/org/apache/ws/security/wss4j/1.6.4/wss4j-1.6.4.jar:/Users/alexfernandezwhiteskylabs/.m2/repository/org/apache/santuario/xmlsec/1.4.6/xmlsec-1.4.6.jar:/Users/alexfernandezwhiteskylabs/.m2/repository/org/opensaml/opensaml/2.5.1-1/opensaml-2.5.1-1.jar:/Users/alexfernandezwhiteskylabs/.m2/repository/org/opensaml/openws/1.4.2-1/openws-1.4.2-1.jar:/Users/alexfernandezwhiteskylabs/.m2/repository/org/opensaml/xmltooling/1.3.2-1/xmltooling-1.3.2-1.jar:/Users/alexfernandezwhiteskylabs/.m2/repository/org/apache/cxf/cxf-rt-ws-rm/2.5.1/cxf-rt-ws-rm-2.5.1.jar:/Users/alexfernandezwhiteskylabs/.m2/repository/org/apache/cxf/cxf-rt-management/2.5.1/cxf-rt-management-2.5.1.jar:/Users/alexfernandezwhiteskylabs/.m2/repository/org/apache/cxf/cxf-rt-ws-addr/2.5.1/cxf-rt-ws-addr-2.5.1.jar:/Users/alexfernandezwhiteskylabs/.m2/repository/org/apache/cxf/cxf-rt-transports-http/2.5.1/cxf-rt-transports-http-2.5.1.jar:/Users/alexfernandezwhiteskylabs/.m2/repository/org/apache/cxf/cxf-rt-transports-common/2.5.1/cxf-rt-transports-common-2.5.1.jar:/Users/alexfernandezwhiteskylabs/.m2/repository/org/springframework/spring-web/3.0.6.RELEASE/spring-web-3.0.6.RELEASE.jar:/Users/alexfernandezwhiteskylabs/.m2/repository/aopalliance/aopalliance/1.0/aopalliance-1.0.jar:/Users/alexfernandezwhiteskylabs/.m2/repository/org/apache/cxf/cxf-wstx-msv-validation/2.5.1/cxf-wstx-msv-validation-2.5.1.jar:/Users/alexfernandezwhiteskylabs/.m2/repository/org/codehaus/woodstox/woodstox-core-asl/4.1.1/woodstox-core-asl-4.1.1.jar:/Users/alexfernandezwhiteskylabs/.m2/repository/org/codehaus/woodstox/stax2-api/3.1.1/stax2-api-3.1.1.jar:/Users/alexfernandezwhiteskylabs/.m2/repository/net/java/dev/msv/msv-core/2011.1/msv-core-2011.1.jar:/Users/alexfernandezwhiteskylabs/.m2/repository/com/sun/msv/datatype/xsd/xsdlib/2010.1/xsdlib-2010.1.jar:/Users/alexfernandezwhiteskylabs/.m2/repository/isorelax/isorelax/20030108/isorelax-20030108.jar:/Users/alexfernandezwhiteskylabs/.m2/repository/relaxngDatatype/relaxngDatatype/20020414/relaxngDatatype-20020414.jar:/Users/alexfernandezwhiteskylabs/.m2/repository/com/sun/xml/messaging/saaj/saaj-impl/1.3-osgi/saaj-impl-1.3-osgi.jar:/Users/alexfernandezwhiteskylabs/.m2/repository/javax/xml/soap/saaj-api/1.3/saaj-api-1.3.jar:/Users/alexfernandezwhiteskylabs/.m2/repository/org/mule/modules/mule-module-spring-security/3.4.0/mule-module-spring-security-3.4.0.jar:/Users/alexfernandezwhiteskylabs/.m2/repository/org/mule/modules/mule-module-spring-extras/3.4.0/mule-module-spring-extras-3.4.0.jar:/Users/alexfernandezwhiteskylabs/.m2/repository/org/springframework/spring-jdbc/3.2.1.RELEASE/spring-jdbc-3.2.1.RELEASE.jar:/Users/alexfernandezwhiteskylabs/.m2/repository/org/springframework/spring-jms/3.2.1.RELEASE/spring-jms-3.2.1.RELEASE.jar:/Users/alexfernandezwhiteskylabs/.m2/repository/org/mule/modules/mule-module-builders/3.4.0/mule-module-builders-3.4.0.jar:/Users/alexfernandezwhiteskylabs/.m2/repository/org/mule/modules/mule-module-management/3.4.0/mule-module-management-3.4.0.jar:/Users/alexfernandezwhiteskylabs/.m2/repository/mx4j/mx4j-jmx/2.1.1-osgi/mx4j-jmx-2.1.1-osgi.jar:/Users/alexfernandezwhiteskylabs/.m2/repository/mx4j/mx4j-impl/2.1.1-osgi/mx4j-impl-2.1.1-osgi.jar:/Users/alexfernandezwhiteskylabs/.m2/repository/mx4j/mx4j-tools/2.1.1-osgi/mx4j-tools-2.1.1-osgi.jar:/Users/alexfernandezwhiteskylabs/.m2/repository/mx4j/mx4j-remote/2.1.1-osgi/mx4j-remote-2.1.1-osgi.jar:/Users/alexfernandezwhiteskylabs/.m2/repository/com/yourkit/yjp-controller-api-redist/9.0.8/yjp-controller-api-redist-9.0.8.jar:/Users/alexfernandezwhiteskylabs/.m2/repository/tanukisoft/wrapper/3.2.3/wrapper-3.2.3.jar:/Users/alexfernandezwhiteskylabs/.m2/repository/org/springframework/spring-context-support/3.2.1.RELEASE/spring-context-support-3.2.1.RELEASE.jar:/Users/alexfernandezwhiteskylabs/.m2/repository/org/apache/geronimo/specs/geronimo-jms_1.1_spec/1.1-osgi/geronimo-jms_1.1_spec-1.1-osgi.jar:/Users/alexfernandezwhiteskylabs/.m2/repository/org/springframework/security/spring-security-core/3.1.0.RELEASE/spring-security-core-3.1.0.RELEASE.jar:/Users/alexfernandezwhiteskylabs/.m2/repository/org/springframework/security/spring-security-crypto/3.1.0.RELEASE/spring-security-crypto-3.1.0.RELEASE.jar:/Users/alexfernandezwhiteskylabs/.m2/repository/org/springframework/security/spring-security-config/3.1.0.RELEASE/spring-security-config-3.1.0.RELEASE.jar:/Users/alexfernandezwhiteskylabs/.m2/repository/org/springframework/security/spring-security-web/3.1.0.RELEASE/spring-security-web-3.1.0.RELEASE.jar:/Users/alexfernandezwhiteskylabs/.m2/repository/org/springframework/spring-tx/3.0.6.RELEASE/spring-tx-3.0.6.RELEASE.jar:/Users/alexfernandezwhiteskylabs/.m2/repository/org/mortbay/jetty/servlet-api/2.5-20081211/servlet-api-2.5-20081211.jar:/Users/alexfernandezwhiteskylabs/.m2/repository/org/aspectj/aspectjrt/1.6.11/aspectjrt-1.6.11.jar:/Users/alexfernandezwhiteskylabs/.m2/repository/org/mule/transports/mule-transport-http/3.4.0/mule-transport-http-3.4.0.jar:/Users/alexfernandezwhiteskylabs/.m2/repository/org/mule/transports/mule-transport-ssl/3.4.0/mule-transport-ssl-3.4.0.jar:/Users/alexfernandezwhiteskylabs/.m2/repository/commons-codec/commons-codec/1.3-osgi/commons-codec-1.3-osgi.jar:/Users/alexfernandezwhiteskylabs/.m2/repository/commons-httpclient/commons-httpclient/3.1-osgi/commons-httpclient-3.1-osgi.jar:/Users/alexfernandezwhiteskylabs/.m2/repository/tomcat/tomcat-util/5.5.23/tomcat-util-5.5.23.jar:/Users/alexfernandezwhiteskylabs/.m2/repository/tomcat/tomcat-apr/5.5.23/tomcat-apr-5.5.23.jar:/Users/alexfernandezwhiteskylabs/.m2/repository/org/samba/jcifs/jcifs/1.3.3/jcifs-1.3.3.jar:/Users/alexfernandezwhiteskylabs/.m2/repository/joda-time/joda-time/1.6/joda-time-1.6.jar:/Users/alexfernandezwhiteskylabs/.m2/repository/org/mule/modules/mule-module-xml/3.4.0/mule-module-xml-3.4.0.jar:/Users/alexfernandezwhiteskylabs/.m2/repository/org/apache/geronimo/specs/geronimo-stax-api_1.0_spec/1.0.1/geronimo-stax-api_1.0_spec-1.0.1.jar:/Users/alexfernandezwhiteskylabs/.m2/repository/commons-jxpath/commons-jxpath/1.3-osgi/commons-jxpath-1.3-osgi.jar:/Users/alexfernandezwhiteskylabs/.m2/repository/com/thoughtworks/xstream/xstream/1.4.2/xstream-1.4.2.jar:/Users/alexfernandezwhiteskylabs/.m2/repository/xmlpull/xmlpull/1.1.3.1/xmlpull-1.1.3.1.jar:/Users/alexfernandezwhiteskylabs/.m2/repository/xpp3/xpp3_min/1.1.3.4.O-osgi/xpp3_min-1.1.3.4.O-osgi.jar:/Users/alexfernandezwhiteskylabs/.m2/repository/net/java/dev/stax-utils/stax-utils/20080702-osgi/stax-utils-20080702-osgi.jar:/Users/alexfernandezwhiteskylabs/.m2/repository/net/sf/saxon/saxon-dom/8.9.0.4-osgi/saxon-dom-8.9.0.4-osgi.jar:/Users/alexfernandezwhiteskylabs/.m2/repository/net/sf/saxon/saxon-xqj/8.9.0.4/saxon-xqj-8.9.0.4.jar:/Users/alexfernandezwhiteskylabs/.m2/repository/org/mule/transports/mule-transport-tcp/3.4.0/mule-transport-tcp-3.4.0.jar:/Users/alexfernandezwhiteskylabs/.m2/repository/net/sf/saxon/saxon/8.9.0.4-osgi/saxon-8.9.0.4-osgi.jar:/Users/alexfernandezwhiteskylabs/.m2/repository/org/apache/geronimo/specs/geronimo-annotation_1.0_spec/1.1.1/geronimo-annotation_1.0_spec-1.1.1.jar:/Users/alexfernandezwhiteskylabs/.m2/repository/org/springframework/spring-core/3.2.1.RELEASE/spring-core-3.2.1.RELEASE.jar:/Users/alexfernandezwhiteskylabs/.m2/repository/javax/mail/mail/1.4.3/mail-1.4.3.jar:/Users/alexfernandezwhiteskylabs/.m2/repository/javax/xml/ws/jaxws-api/2.2.1/jaxws-api-2.2.1.jar:/Users/alexfernandezwhiteskylabs/.m2/repository/javax/jws/jsr181-api/1.0-MR1/jsr181-api-1.0-MR1.jar:/Users/alexfernandezwhiteskylabs/.m2/repository/org/apache/ant/ant/1.7.0/ant-1.7.0.jar:/Users/alexfernandezwhiteskylabs/.m2/repository/org/apache/ant/ant-launcher/1.7.0/ant-launcher-1.7.0.jar:"/>
    <property name="java.specification.name" value="Java Platform API Specification"/>
    <property name="java.class.version" value="50.0"/>
    <property name="sun.management.compiler" value="HotSpot 64-Bit Tiered Compilers"/>
    <property name="os.version" value="10.9.2"/>
    <property name="http.nonProxyHosts" value="local|*.local|169.254/16|*.169.254/16"/>
    <property name="user.home" value="/Users/alexfernandezwhiteskylabs"/>
    <property name="user.timezone" value="Asia/Manila"/>
    <property name="java.awt.printerjob" value="apple.awt.CPrinterJob"/>
    <property name="java.specification.version" value="1.6"/>
    <property name="file.encoding" value="MacRoman"/>
    <property name="user.name" value="alexfernandezwhiteskylabs"/>
    <property name="java.class.path" value="/Users/alexfernandezwhiteskylabs/Documents/scratchproject/java/hello-connector/target/test-classes:/Users/alexfernandezwhiteskylabs/Documents/scratchproject/java/hello-connector/target/classes:/Users/alexfernandezwhiteskylabs/.m2/repository/com/sun/jersey/jersey-client/1.6/jersey-client-1.6.jar:/Users/alexfernandezwhiteskylabs/.m2/repository/com/sun/jersey/jersey-core/1.6/jersey-core-1.6.jar:/Users/alexfernandezwhiteskylabs/.m2/repository/com/sun/jersey/jersey-json/1.6/jersey-json-1.6.jar:/Users/alexfernandezwhiteskylabs/.m2/repository/org/codehaus/jettison/jettison/1.1/jettison-1.1.jar:/Users/alexfernandezwhiteskylabs/.m2/repository/stax/stax-api/1.0.1/stax-api-1.0.1.jar:/Users/alexfernandezwhiteskylabs/.m2/repository/com/sun/xml/bind/jaxb-impl/2.2.3-1/jaxb-impl-2.2.3-1.jar:/Users/alexfernandezwhiteskylabs/.m2/repository/javax/xml/bind/jaxb-api/2.2.2/jaxb-api-2.2.2.jar:/Users/alexfernandezwhiteskylabs/.m2/repository/javax/xml/stream/stax-api/1.0-2/stax-api-1.0-2.jar:/Users/alexfernandezwhiteskylabs/.m2/repository/org/codehaus/jackson/jackson-core-asl/1.7.1/jackson-core-asl-1.7.1.jar:/Users/alexfernandezwhiteskylabs/.m2/repository/org/codehaus/jackson/jackson-mapper-asl/1.7.1/jackson-mapper-asl-1.7.1.jar:/Users/alexfernandezwhiteskylabs/.m2/repository/org/codehaus/jackson/jackson-jaxrs/1.7.1/jackson-jaxrs-1.7.1.jar:/Users/alexfernandezwhiteskylabs/.m2/repository/org/codehaus/jackson/jackson-xc/1.7.1/jackson-xc-1.7.1.jar:/Users/alexfernandezwhiteskylabs/.m2/repository/com/sun/jersey/contribs/jersey-multipart/1.6/jersey-multipart-1.6.jar:/Users/alexfernandezwhiteskylabs/.m2/repository/org/jvnet/mimepull/1.4/mimepull-1.4.jar:/Users/alexfernandezwhiteskylabs/.m2/repository/com/sun/jersey/contribs/jersey-oauth/oauth-client/1.6/oauth-client-1.6.jar:/Users/alexfernandezwhiteskylabs/.m2/repository/com/sun/jersey/contribs/jersey-oauth/oauth-signature/1.6/oauth-signature-1.6.jar:/Users/alexfernandezwhiteskylabs/.m2/repository/org/mule/mule-core/3.4.0/mule-core-3.4.0.jar:/Users/alexfernandezwhiteskylabs/.m2/repository/commons-beanutils/commons-beanutils/1.8.0/commons-beanutils-1.8.0.jar:/Users/alexfernandezwhiteskylabs/.m2/repository/org/safehaus/jug/jug/2.0.0/jug-2.0.0-asl.jar:/Users/alexfernandezwhiteskylabs/.m2/repository/commons-cli/commons-cli/1.2/commons-cli-1.2.jar:/Users/alexfernandezwhiteskylabs/.m2/repository/commons-collections/commons-collections/3.2.1/commons-collections-3.2.1.jar:/Users/alexfernandezwhiteskylabs/.m2/repository/commons-io/commons-io/1.4/commons-io-1.4.jar:/Users/alexfernandezwhiteskylabs/.m2/repository/commons-lang/commons-lang/2.4/commons-lang-2.4.jar:/Users/alexfernandezwhiteskylabs/.m2/repository/commons-pool/commons-pool/1.5.3/commons-pool-1.5.3.jar:/Users/alexfernandezwhiteskylabs/.m2/repository/javax/activation/activation/1.1-osgi/activation-1.1-osgi.jar:/Users/alexfernandezwhiteskylabs/.m2/repository/org/apache/geronimo/specs/geronimo-jta_1.1_spec/1.1.1/geronimo-jta_1.1_spec-1.1.1.jar:/Users/alexfernandezwhiteskylabs/.m2/repository/org/apache/geronimo/specs/geronimo-j2ee-connector_1.5_spec/1.1-osgi/geronimo-j2ee-connector_1.5_spec-1.1-osgi.jar:/Users/alexfernandezwhiteskylabs/.m2/repository/javax/annotation/jsr250-api/1.0/jsr250-api-1.0.jar:/Users/alexfernandezwhiteskylabs/.m2/repository/org/slf4j/jcl-over-slf4j/1.6.1/jcl-over-slf4j-1.6.1.jar:/Users/alexfernandezwhiteskylabs/.m2/repository/org/slf4j/slf4j-api/1.6.1/slf4j-api-1.6.1.jar:/Users/alexfernandezwhiteskylabs/.m2/repository/org/slf4j/slf4j-log4j12/1.6.1/slf4j-log4j12-1.6.1.jar:/Users/alexfernandezwhiteskylabs/.m2/repository/log4j/log4j/1.2.16/log4j-1.2.16.jar:/Users/alexfernandezwhiteskylabs/.m2/repository/asm/asm/3.1/asm-3.1.jar:/Users/alexfernandezwhiteskylabs/.m2/repository/asm/asm-commons/3.1/asm-commons-3.1.jar:/Users/alexfernandezwhiteskylabs/.m2/repository/asm/asm-tree/3.1/asm-tree-3.1.jar:/Users/alexfernandezwhiteskylabs/.m2/repository/org/mvel/mvel2/2.1.3.Final/mvel2-2.1.3.Final.jar:/Users/alexfernandezwhiteskylabs/.m2/repository/org/jgrapht/jgrapht-jdk1.5/0.7.3/jgrapht-jdk1.5-0.7.3.jar:/Users/alexfernandezwhiteskylabs/.m2/repository/org/mule/tools/devkit/mule-devkit-annotations/3.4.3/mule-devkit-annotations-3.4.3.jar:/Users/alexfernandezwhiteskylabs/.m2/repository/javax/inject/javax.inject/1/javax.inject-1.jar:/Users/alexfernandezwhiteskylabs/.m2/repository/org/mule/modules/mule-module-annotations/3.4.0/mule-module-annotations-3.4.0.jar:/Users/alexfernandezwhiteskylabs/.m2/repository/cglib/cglib-nodep/2.2/cglib-nodep-2.2.jar:/Users/alexfernandezwhiteskylabs/.m2/repository/org/mule/modules/mule-module-spring-config/3.4.0/mule-module-spring-config-3.4.0.jar:/Users/alexfernandezwhiteskylabs/.m2/repository/org/springframework/spring-context/3.2.1.RELEASE/spring-context-3.2.1.RELEASE.jar:/Users/alexfernandezwhiteskylabs/.m2/repository/org/springframework/spring-aop/3.2.1.RELEASE/spring-aop-3.2.1.RELEASE.jar:/Users/alexfernandezwhiteskylabs/.m2/repository/org/springframework/spring-expression/3.2.1.RELEASE/spring-expression-3.2.1.RELEASE.jar:/Users/alexfernandezwhiteskylabs/.m2/repository/dom4j/dom4j/1.6.1-osgi/dom4j-1.6.1-osgi.jar:/Users/alexfernandezwhiteskylabs/.m2/repository/jaxen/jaxen/1.1.1/jaxen-1.1.1.jar:/Users/alexfernandezwhiteskylabs/.m2/repository/jdom/jdom/1.0/jdom-1.0.jar:/Users/alexfernandezwhiteskylabs/.m2/repository/org/mule/modules/mule-module-devkit-support/3.4.0/mule-module-devkit-support-3.4.0.jar:/Users/alexfernandezwhiteskylabs/.m2/repository/junit/junit-dep/4.9/junit-dep-4.9.jar:/Users/alexfernandezwhiteskylabs/.m2/repository/org/hamcrest/hamcrest-core/1.1/hamcrest-core-1.1.jar:/Users/alexfernandezwhiteskylabs/.m2/repository/org/mule/tests/mule-tests-functional/3.4.0/mule-tests-functional-3.4.0.jar:/Users/alexfernandezwhiteskylabs/.m2/repository/org/springframework/spring-beans/3.2.1.RELEASE/spring-beans-3.2.1.RELEASE.jar:/Users/alexfernandezwhiteskylabs/.m2/repository/commons-net/commons-net/2.0/commons-net-2.0.jar:/Users/alexfernandezwhiteskylabs/.m2/repository/org/apache/ftpserver/ftpserver-core/1.0.2/ftpserver-core-1.0.2.jar:/Users/alexfernandezwhiteskylabs/.m2/repository/org/apache/mina/mina-core/2.0.0-M6/mina-core-2.0.0-M6.jar:/Users/alexfernandezwhiteskylabs/.m2/repository/org/apache/ftpserver/ftplet-api/1.0.2/ftplet-api-1.0.2.jar:/Users/alexfernandezwhiteskylabs/.m2/repository/org/apache/sshd/sshd-core/0.6.0/sshd-core-0.6.0.jar:/Users/alexfernandezwhiteskylabs/.m2/repository/bouncycastle/bcprov-jdk14/139/bcprov-jdk14-139.jar:/Users/alexfernandezwhiteskylabs/.m2/repository/org/mule/mule-core/3.4.0/mule-core-3.4.0-tests.jar:/Users/alexfernandezwhiteskylabs/.m2/repository/org/mockito/mockito-all/1.8.2/mockito-all-1.8.2.jar:/Users/alexfernandezwhiteskylabs/.m2/repository/org/mule/modules/mule-connector-test/2.0.3/mule-connector-test-2.0.3.jar:/Users/alexfernandezwhiteskylabs/.m2/repository/javax/validation/validation-api/1.0.0.GA/validation-api-1.0.0.GA.jar:/Users/alexfernandezwhiteskylabs/.m2/repository/org/eclipse/eclipse-workbench/3.6.1.M20100826-1330/eclipse-workbench-3.6.1.M20100826-1330.jar:/Users/alexfernandezwhiteskylabs/.m2/repository/org/eclipse/eclipse-runtime/3.6.0.v20100505/eclipse-runtime-3.6.0.v20100505.jar:/Users/alexfernandezwhiteskylabs/.m2/repository/org/osgi/core/4.3.0/core-4.3.0.jar:/Users/alexfernandezwhiteskylabs/.m2/repository/org/mule/common/mule-common/0.11.0/mule-common-0.11.0.jar:/Users/alexfernandezwhiteskylabs/.m2/repository/org/mule/modules/mule-module-cxf/3.4.0/mule-module-cxf-3.4.0.jar:/Users/alexfernandezwhiteskylabs/.m2/repository/org/apache/cxf/cxf-rt-core/2.5.1/cxf-rt-core-2.5.1.jar:/Users/alexfernandezwhiteskylabs/.m2/repository/org/apache/cxf/cxf-api/2.5.1/cxf-api-2.5.1.jar:/Users/alexfernandezwhiteskylabs/.m2/repository/org/apache/neethi/neethi/3.0.1/neethi-3.0.1.jar:/Users/alexfernandezwhiteskylabs/.m2/repository/wsdl4j/wsdl4j/1.6.2/wsdl4j-1.6.2.jar:/Users/alexfernandezwhiteskylabs/.m2/repository/org/apache/ws/xmlschema/xmlschema-core/2.0.1/xmlschema-core-2.0.1.jar:/Users/alexfernandezwhiteskylabs/.m2/repository/org/apache/cxf/cxf-rt-frontend-simple/2.5.1/cxf-rt-frontend-simple-2.5.1.jar:/Users/alexfernandezwhiteskylabs/.m2/repository/org/apache/cxf/cxf-rt-bindings-soap/2.5.1/cxf-rt-bindings-soap-2.5.1.jar:/Users/alexfernandezwhiteskylabs/.m2/repository/org/apache/cxf/cxf-rt-frontend-jaxws/2.5.1/cxf-rt-frontend-jaxws-2.5.1.jar:/Users/alexfernandezwhiteskylabs/.m2/repository/xml-resolver/xml-resolver/1.2/xml-resolver-1.2.jar:/Users/alexfernandezwhiteskylabs/.m2/repository/org/apache/cxf/cxf-rt-bindings-xml/2.5.1/cxf-rt-bindings-xml-2.5.1.jar:/Users/alexfernandezwhiteskylabs/.m2/repository/org/apache/cxf/cxf-rt-databinding-aegis/2.5.1/cxf-rt-databinding-aegis-2.5.1.jar:/Users/alexfernandezwhiteskylabs/.m2/repository/org/apache/cxf/cxf-rt-databinding-jaxb/2.5.1/cxf-rt-databinding-jaxb-2.5.1.jar:/Users/alexfernandezwhiteskylabs/.m2/repository/com/sun/xml/bind/jaxb-xjc/2.1.13/jaxb-xjc-2.1.13.jar:/Users/alexfernandezwhiteskylabs/.m2/repository/org/apache/cxf/cxf-rt-databinding-jibx/2.5.1/cxf-rt-databinding-jibx-2.5.1.jar:/Users/alexfernandezwhiteskylabs/.m2/repository/org/apache/cxf/cxf-tools-common/2.5.1/cxf-tools-common-2.5.1.jar:/Users/alexfernandezwhiteskylabs/.m2/repository/org/jibx/jibx-run/1.2.3/jibx-run-1.2.3.jar:/Users/alexfernandezwhiteskylabs/.m2/repository/xpp3/xpp3/1.1.3.4.O/xpp3-1.1.3.4.O.jar:/Users/alexfernandezwhiteskylabs/.m2/repository/org/jibx/jibx-schema/1.2.3/jibx-schema-1.2.3.jar:/Users/alexfernandezwhiteskylabs/.m2/repository/org/jibx/jibx-extras/1.2.3/jibx-extras-1.2.3.jar:/Users/alexfernandezwhiteskylabs/.m2/repository/org/jdom/jdom/1.1/jdom-1.1.jar:/Users/alexfernandezwhiteskylabs/.m2/repository/org/apache/cxf/cxf-rt-transports-local/2.5.1/cxf-rt-transports-local-2.5.1.jar:/Users/alexfernandezwhiteskylabs/.m2/repository/org/apache/cxf/cxf-rt-ws-security/2.5.1/cxf-rt-ws-security-2.5.1.jar:/Users/alexfernandezwhiteskylabs/.m2/repository/org/apache/cxf/cxf-common-utilities/2.5.1/cxf-common-utilities-2.5.1.jar:/Users/alexfernandezwhiteskylabs/.m2/repository/org/apache/ws/security/wss4j/1.6.4/wss4j-1.6.4.jar:/Users/alexfernandezwhiteskylabs/.m2/repository/org/apache/santuario/xmlsec/1.4.6/xmlsec-1.4.6.jar:/Users/alexfernandezwhiteskylabs/.m2/repository/org/opensaml/opensaml/2.5.1-1/opensaml-2.5.1-1.jar:/Users/alexfernandezwhiteskylabs/.m2/repository/org/opensaml/openws/1.4.2-1/openws-1.4.2-1.jar:/Users/alexfernandezwhiteskylabs/.m2/repository/org/opensaml/xmltooling/1.3.2-1/xmltooling-1.3.2-1.jar:/Users/alexfernandezwhiteskylabs/.m2/repository/org/apache/cxf/cxf-rt-ws-rm/2.5.1/cxf-rt-ws-rm-2.5.1.jar:/Users/alexfernandezwhiteskylabs/.m2/repository/org/apache/cxf/cxf-rt-management/2.5.1/cxf-rt-management-2.5.1.jar:/Users/alexfernandezwhiteskylabs/.m2/repository/org/apache/cxf/cxf-rt-ws-addr/2.5.1/cxf-rt-ws-addr-2.5.1.jar:/Users/alexfernandezwhiteskylabs/.m2/repository/org/apache/cxf/cxf-rt-transports-http/2.5.1/cxf-rt-transports-http-2.5.1.jar:/Users/alexfernandezwhiteskylabs/.m2/repository/org/apache/cxf/cxf-rt-transports-common/2.5.1/cxf-rt-transports-common-2.5.1.jar:/Users/alexfernandezwhiteskylabs/.m2/repository/org/springframework/spring-web/3.0.6.RELEASE/spring-web-3.0.6.RELEASE.jar:/Users/alexfernandezwhiteskylabs/.m2/repository/aopalliance/aopalliance/1.0/aopalliance-1.0.jar:/Users/alexfernandezwhiteskylabs/.m2/repository/org/apache/cxf/cxf-wstx-msv-validation/2.5.1/cxf-wstx-msv-validation-2.5.1.jar:/Users/alexfernandezwhiteskylabs/.m2/repository/org/codehaus/woodstox/woodstox-core-asl/4.1.1/woodstox-core-asl-4.1.1.jar:/Users/alexfernandezwhiteskylabs/.m2/repository/org/codehaus/woodstox/stax2-api/3.1.1/stax2-api-3.1.1.jar:/Users/alexfernandezwhiteskylabs/.m2/repository/net/java/dev/msv/msv-core/2011.1/msv-core-2011.1.jar:/Users/alexfernandezwhiteskylabs/.m2/repository/com/sun/msv/datatype/xsd/xsdlib/2010.1/xsdlib-2010.1.jar:/Users/alexfernandezwhiteskylabs/.m2/repository/isorelax/isorelax/20030108/isorelax-20030108.jar:/Users/alexfernandezwhiteskylabs/.m2/repository/relaxngDatatype/relaxngDatatype/20020414/relaxngDatatype-20020414.jar:/Users/alexfernandezwhiteskylabs/.m2/repository/com/sun/xml/messaging/saaj/saaj-impl/1.3-osgi/saaj-impl-1.3-osgi.jar:/Users/alexfernandezwhiteskylabs/.m2/repository/javax/xml/soap/saaj-api/1.3/saaj-api-1.3.jar:/Users/alexfernandezwhiteskylabs/.m2/repository/org/mule/modules/mule-module-spring-security/3.4.0/mule-module-spring-security-3.4.0.jar:/Users/alexfernandezwhiteskylabs/.m2/repository/org/mule/modules/mule-module-spring-extras/3.4.0/mule-module-spring-extras-3.4.0.jar:/Users/alexfernandezwhiteskylabs/.m2/repository/org/springframework/spring-jdbc/3.2.1.RELEASE/spring-jdbc-3.2.1.RELEASE.jar:/Users/alexfernandezwhiteskylabs/.m2/repository/org/springframework/spring-jms/3.2.1.RELEASE/spring-jms-3.2.1.RELEASE.jar:/Users/alexfernandezwhiteskylabs/.m2/repository/org/mule/modules/mule-module-builders/3.4.0/mule-module-builders-3.4.0.jar:/Users/alexfernandezwhiteskylabs/.m2/repository/org/mule/modules/mule-module-management/3.4.0/mule-module-management-3.4.0.jar:/Users/alexfernandezwhiteskylabs/.m2/repository/mx4j/mx4j-jmx/2.1.1-osgi/mx4j-jmx-2.1.1-osgi.jar:/Users/alexfernandezwhiteskylabs/.m2/repository/mx4j/mx4j-impl/2.1.1-osgi/mx4j-impl-2.1.1-osgi.jar:/Users/alexfernandezwhiteskylabs/.m2/repository/mx4j/mx4j-tools/2.1.1-osgi/mx4j-tools-2.1.1-osgi.jar:/Users/alexfernandezwhiteskylabs/.m2/repository/mx4j/mx4j-remote/2.1.1-osgi/mx4j-remote-2.1.1-osgi.jar:/Users/alexfernandezwhiteskylabs/.m2/repository/com/yourkit/yjp-controller-api-redist/9.0.8/yjp-controller-api-redist-9.0.8.jar:/Users/alexfernandezwhiteskylabs/.m2/repository/tanukisoft/wrapper/3.2.3/wrapper-3.2.3.jar:/Users/alexfernandezwhiteskylabs/.m2/repository/org/springframework/spring-context-support/3.2.1.RELEASE/spring-context-support-3.2.1.RELEASE.jar:/Users/alexfernandezwhiteskylabs/.m2/repository/org/apache/geronimo/specs/geronimo-jms_1.1_spec/1.1-osgi/geronimo-jms_1.1_spec-1.1-osgi.jar:/Users/alexfernandezwhiteskylabs/.m2/repository/org/springframework/security/spring-security-core/3.1.0.RELEASE/spring-security-core-3.1.0.RELEASE.jar:/Users/alexfernandezwhiteskylabs/.m2/repository/org/springframework/security/spring-security-crypto/3.1.0.RELEASE/spring-security-crypto-3.1.0.RELEASE.jar:/Users/alexfernandezwhiteskylabs/.m2/repository/org/springframework/security/spring-security-config/3.1.0.RELEASE/spring-security-config-3.1.0.RELEASE.jar:/Users/alexfernandezwhiteskylabs/.m2/repository/org/springframework/security/spring-security-web/3.1.0.RELEASE/spring-security-web-3.1.0.RELEASE.jar:/Users/alexfernandezwhiteskylabs/.m2/repository/org/springframework/spring-tx/3.0.6.RELEASE/spring-tx-3.0.6.RELEASE.jar:/Users/alexfernandezwhiteskylabs/.m2/repository/org/mortbay/jetty/servlet-api/2.5-20081211/servlet-api-2.5-20081211.jar:/Users/alexfernandezwhiteskylabs/.m2/repository/org/aspectj/aspectjrt/1.6.11/aspectjrt-1.6.11.jar:/Users/alexfernandezwhiteskylabs/.m2/repository/org/mule/transports/mule-transport-http/3.4.0/mule-transport-http-3.4.0.jar:/Users/alexfernandezwhiteskylabs/.m2/repository/org/mule/transports/mule-transport-ssl/3.4.0/mule-transport-ssl-3.4.0.jar:/Users/alexfernandezwhiteskylabs/.m2/repository/commons-codec/commons-codec/1.3-osgi/commons-codec-1.3-osgi.jar:/Users/alexfernandezwhiteskylabs/.m2/repository/commons-httpclient/commons-httpclient/3.1-osgi/commons-httpclient-3.1-osgi.jar:/Users/alexfernandezwhiteskylabs/.m2/repository/tomcat/tomcat-util/5.5.23/tomcat-util-5.5.23.jar:/Users/alexfernandezwhiteskylabs/.m2/repository/tomcat/tomcat-apr/5.5.23/tomcat-apr-5.5.23.jar:/Users/alexfernandezwhiteskylabs/.m2/repository/org/samba/jcifs/jcifs/1.3.3/jcifs-1.3.3.jar:/Users/alexfernandezwhiteskylabs/.m2/repository/joda-time/joda-time/1.6/joda-time-1.6.jar:/Users/alexfernandezwhiteskylabs/.m2/repository/org/mule/modules/mule-module-xml/3.4.0/mule-module-xml-3.4.0.jar:/Users/alexfernandezwhiteskylabs/.m2/repository/org/apache/geronimo/specs/geronimo-stax-api_1.0_spec/1.0.1/geronimo-stax-api_1.0_spec-1.0.1.jar:/Users/alexfernandezwhiteskylabs/.m2/repository/commons-jxpath/commons-jxpath/1.3-osgi/commons-jxpath-1.3-osgi.jar:/Users/alexfernandezwhiteskylabs/.m2/repository/com/thoughtworks/xstream/xstream/1.4.2/xstream-1.4.2.jar:/Users/alexfernandezwhiteskylabs/.m2/repository/xmlpull/xmlpull/1.1.3.1/xmlpull-1.1.3.1.jar:/Users/alexfernandezwhiteskylabs/.m2/repository/xpp3/xpp3_min/1.1.3.4.O-osgi/xpp3_min-1.1.3.4.O-osgi.jar:/Users/alexfernandezwhiteskylabs/.m2/repository/net/java/dev/stax-utils/stax-utils/20080702-osgi/stax-utils-20080702-osgi.jar:/Users/alexfernandezwhiteskylabs/.m2/repository/net/sf/saxon/saxon-dom/8.9.0.4-osgi/saxon-dom-8.9.0.4-osgi.jar:/Users/alexfernandezwhiteskylabs/.m2/repository/net/sf/saxon/saxon-xqj/8.9.0.4/saxon-xqj-8.9.0.4.jar:/Users/alexfernandezwhiteskylabs/.m2/repository/org/mule/transports/mule-transport-tcp/3.4.0/mule-transport-tcp-3.4.0.jar:/Users/alexfernandezwhiteskylabs/.m2/repository/net/sf/saxon/saxon/8.9.0.4-osgi/saxon-8.9.0.4-osgi.jar:/Users/alexfernandezwhiteskylabs/.m2/repository/org/apache/geronimo/specs/geronimo-annotation_1.0_spec/1.1.1/geronimo-annotation_1.0_spec-1.1.1.jar:/Users/alexfernandezwhiteskylabs/.m2/repository/org/springframework/spring-core/3.2.1.RELEASE/spring-core-3.2.1.RELEASE.jar:/Users/alexfernandezwhiteskylabs/.m2/repository/javax/mail/mail/1.4.3/mail-1.4.3.jar:/Users/alexfernandezwhiteskylabs/.m2/repository/javax/xml/ws/jaxws-api/2.2.1/jaxws-api-2.2.1.jar:/Users/alexfernandezwhiteskylabs/.m2/repository/javax/jws/jsr181-api/1.0-MR1/jsr181-api-1.0-MR1.jar:/Users/alexfernandezwhiteskylabs/.m2/repository/org/apache/ant/ant/1.7.0/ant-1.7.0.jar:/Users/alexfernandezwhiteskylabs/.m2/repository/org/apache/ant/ant-launcher/1.7.0/ant-launcher-1.7.0.jar:"/>
    <property name="mvel2.compiler.allow_override_all_prophandling" value="true"/>
    <property name="java.vm.specification.version" value="1.0"/>
    <property name="sun.arch.data.model" value="64"/>
    <property name="java.home" value="/System/Library/Java/JavaVirtualMachines/1.6.0.jdk/Contents/Home"/>
    <property name="sun.java.command" value="/var/folders/gv/qxh_nc7d1_l12tcwy4mfvrnc0000gn/T/surefirebooter8049460475982133113.jar /var/folders/gv/qxh_nc7d1_l12tcwy4mfvrnc0000gn/T/surefire5456754831036909160tmp /var/folders/gv/qxh_nc7d1_l12tcwy4mfvrnc0000gn/T/surefire3999798169684486416tmp"/>
    <property name="java.specification.vendor" value="Sun Microsystems Inc."/>
    <property name="user.language" value="en"/>
    <property name="awt.toolkit" value="apple.awt.CToolkit"/>
    <property name="java.vm.info" value="mixed mode"/>
    <property name="java.version" value="1.6.0_65"/>
    <property name="java.ext.dirs" value="/Library/Java/Extensions:/System/Library/Java/Extensions:/System/Library/Java/JavaVirtualMachines/1.6.0.jdk/Contents/Home/lib/ext"/>
    <property name="sun.boot.class.path" value="/System/Library/Java/JavaVirtualMachines/1.6.0.jdk/Contents/Classes/jsfd.jar:/System/Library/Java/JavaVirtualMachines/1.6.0.jdk/Contents/Classes/classes.jar:/System/Library/Frameworks/JavaVM.framework/Frameworks/JavaRuntimeSupport.framework/Resources/Java/JavaRuntimeSupport.jar:/System/Library/Java/JavaVirtualMachines/1.6.0.jdk/Contents/Classes/ui.jar:/System/Library/Java/JavaVirtualMachines/1.6.0.jdk/Contents/Classes/laf.jar:/System/Library/Java/JavaVirtualMachines/1.6.0.jdk/Contents/Classes/sunrsasign.jar:/System/Library/Java/JavaVirtualMachines/1.6.0.jdk/Contents/Classes/jsse.jar:/System/Library/Java/JavaVirtualMachines/1.6.0.jdk/Contents/Classes/jce.jar:/System/Library/Java/JavaVirtualMachines/1.6.0.jdk/Contents/Classes/charsets.jar"/>
    <property name="java.vendor" value="Apple Inc."/>
    <property name="localRepository" value="/Users/alexfernandezwhiteskylabs/.m2/repository"/>
    <property name="file.separator" value="/"/>
    <property name="java.vendor.url.bug" value="http://bugreport.apple.com/"/>
    <property name="sun.cpu.endian" value="little"/>
    <property name="sun.io.unicode.encoding" value="UnicodeLittle"/>
    <property name="mrj.version" value="1070.1.6.0_65-462"/>
    <property name="socksNonProxyHosts" value="local|*.local|169.254/16|*.169.254/16"/>
    <property name="mule.encoding" value="UTF-8"/>
    <property name="ftp.nonProxyHosts" value="local|*.local|169.254/16|*.169.254/16"/>
    <property name="sun.cpu.isalist" value=""/>
  </properties>
  <testcase time="4.423" classname="org.hello.HelloConnectorTest" name="testFlow"/>
</testsuite>